0 info it worked if it ends with ok
1 verbose cli [ 'C:\\Program Files\\nodejs\\node.exe',
1 verbose cli   'C:\\Program Files\\nodejs\\node_modules\\npm\\bin\\npm-cli.js',
1 verbose cli   'run-script',
1 verbose cli   'start' ]
2 info using npm@3.10.10
3 info using node@v6.9.5
4 verbose run-script [ 'prestart', 'start', 'poststart' ]
5 info lifecycle orchestrio@1.0.0~prestart: orchestrio@1.0.0
6 silly lifecycle orchestrio@1.0.0~prestart: no script for prestart, continuing
7 info lifecycle orchestrio@1.0.0~start: orchestrio@1.0.0
8 verbose lifecycle orchestrio@1.0.0~start: unsafe-perm in lifecycle true
9 verbose lifecycle orchestrio@1.0.0~start: PATH: C:\Program Files\nodejs\node_modules\npm\bin\node-gyp-bin;C:\Users\Nate\Desktop\orchestrio\node_modules\.bin;C:\Users\Nate\bin;C:\Program Files\Git\mingw64\bin;C:\Program Files\Git\usr\local\bin;C:\Program Files\Git\usr\bin;C:\Program Files\Git\usr\bin;C:\Program Files\Git\mingw64\bin;C:\Program Files\Git\usr\bin;C:\Users\Nate\bin;C:\ProgramData\Oracle\Java\javapath;C:\WINDOWS\system32;C:\WINDOWS;C:\WINDOWS\System32\Wbem;C:\WINDOWS\System32\WindowsPowerShell\v1.0;C:\Program Files\Git\cmd;C:\HashiCorp\Vagrant\bin;C:\Program Files\nodejs;C:\Program Files (x86)\Yarn\bin;C:\Program Files (x86)\Microsoft VS Code\bin;C:\Users\Nate\AppData\Local\atom\bin;C:\Users\Nate\AppData\Local\Microsoft\WindowsApps;C:\Users\Nate\AppData\Roaming\npm;C:\Users\Nate\AppData\Local\Yarn\.bin;C:\Program Files\Git\usr\bin\vendor_perl;C:\Program Files\Git\usr\bin\core_perl
10 verbose lifecycle orchestrio@1.0.0~start: CWD: C:\Users\Nate\Desktop\orchestrio
11 silly lifecycle orchestrio@1.0.0~start: Args: [ '/d /s /c',
11 silly lifecycle   'SET NODE_ENV=production && webpack -p | node_modules/.bin/babel-node --presets \'react,es2015\' app/server.js' ]
12 silly lifecycle orchestrio@1.0.0~start: Returned: code: 255  signal: null
13 info lifecycle orchestrio@1.0.0~start: Failed to exec start script
14 verbose stack Error: orchestrio@1.0.0 start: `SET NODE_ENV=production && webpack -p | node_modules/.bin/babel-node --presets 'react,es2015' app/server.js`
14 verbose stack Exit status 255
14 verbose stack     at EventEmitter.<anonymous> (C:\Program Files\nodejs\node_modules\npm\lib\utils\lifecycle.js:255:16)
14 verbose stack     at emitTwo (events.js:106:13)
14 verbose stack     at EventEmitter.emit (events.js:191:7)
14 verbose stack     at ChildProcess.<anonymous> (C:\Program Files\nodejs\node_modules\npm\lib\utils\spawn.js:40:14)
14 verbose stack     at emitTwo (events.js:106:13)
14 verbose stack     at ChildProcess.emit (events.js:191:7)
14 verbose stack     at maybeClose (internal/child_process.js:877:16)
14 verbose stack     at Process.ChildProcess._handle.onexit (internal/child_process.js:226:5)
15 verbose pkgid orchestrio@1.0.0
16 verbose cwd C:\Users\Nate\Desktop\orchestrio
17 error Windows_NT 10.0.14393
18 error argv "C:\\Program Files\\nodejs\\node.exe" "C:\\Program Files\\nodejs\\node_modules\\npm\\bin\\npm-cli.js" "run-script" "start"
19 error node v6.9.5
20 error npm  v3.10.10
21 error code ELIFECYCLE
22 error orchestrio@1.0.0 start: `SET NODE_ENV=production && webpack -p | node_modules/.bin/babel-node --presets 'react,es2015' app/server.js`
22 error Exit status 255
23 error Failed at the orchestrio@1.0.0 start script 'SET NODE_ENV=production && webpack -p | node_modules/.bin/babel-node --presets 'react,es2015' app/server.js'.
23 error Make sure you have the latest version of node.js and npm installed.
23 error If you do, this is most likely a problem with the orchestrio package,
23 error not with npm itself.
23 error Tell the author that this fails on your system:
23 error     SET NODE_ENV=production && webpack -p | node_modules/.bin/babel-node --presets 'react,es2015' app/server.js
23 error You can get information on how to open an issue for this project with:
23 error     npm bugs orchestrio
23 error Or if that isn't available, you can get their info via:
23 error     npm owner ls orchestrio
23 error There is likely additional logging output above.
24 verbose exit [ 1, true ]
